connecting to rabbitmq (amqp://guest@amqp:5672/)
connected to RabbitMQ at amqp as guest
opening rabbitmq channel with pool size 1
using topic exchange 'hutch'
HTTP API use is enabled
connecting to rabbitmq HTTP API (http://guest@localhost:15672/)
HTTP API connection error: failed to open tcp connection to localhost:15672 (connection refused - connect(2) for "localhost" port 15672)
connecting to rabbitmq (amqp://guest@amqp:5672/)
connected to RabbitMQ at amqp as guest
opening rabbitmq channel with pool size 1
using topic exchange 'hutch'
HTTP API use is enabled
connecting to rabbitmq HTTP API (http://guest@localhost:15672/)
HTTP API connection error: failed to open tcp connection to localhost:15672 (connection refused - connect(2) for "localhost" port 15672)
connecting to rabbitmq (amqp://guest@amqp:5672/)
connected to RabbitMQ at amqp as guest
opening rabbitmq channel with pool size 1
using topic exchange 'hutch'
HTTP API use is disabled
tracing is disabled
publishing message '{"subject":"payment","action":"received"}' to routing.key
connecting to rabbitmq (amqp://guest@amqp:5672/)
connected to RabbitMQ at amqp as guest
opening rabbitmq channel with pool size 1
using topic exchange 'hutch'
HTTP API use is disabled
tracing is disabled
publishing message '{"echo":"Hello!"}' to test.echo
publishing message '{"echo":"Hello!"}' to test.echo
publishing message '{"echo":"Hello!"}' to test.echo
publishing message '{"echo":"Hello!"}' to test.echo
publishing message '{"echo":"Hello!"}' to test.echo
publishing message '{"echo":"Hello!"}' to test.echo
publishing message '{"echo":"Hello!"}' to test.echo
publishing message '{"echo":"Hello!"}' to test.echo
publishing message '{"echo":"Hello!"}' to test.echo
publishing message '{"echo":"Hello!"}' to test.echo
publishing message '{"echo":"Hello!"}' to test.echo
publishing message '{"echo":"Hello!"}' to test.echo
publishing message '{"echo":"Hello!"}' to test.echo
publishing message '{"echo":"Hello!"}' to test.echo
publishing message '{"echo":"Hello!"}' to test.echo
publishing message '{"echo":"Hello!"}' to test.echo
publishing message '{"echo":"Hello!"}' to test.echo
publishing message '{"echo":"Hello!"}' to test.echo
publishing message '{"echo":"Hello!"}' to test.echo
publishing message '{"echo":"Hello!"}' to test.echo
publishing message '{"echo":"Hello!"}' to test.echo
publishing message '{"echo":"Hello!"}' to test.echo
publishing message '{"echo":"Hello!"}' to test.echo
publishing message '{"echo":"Hello!"}' to test.echo
publishing message '{"echo":"Hello!"}' to test.echo
publishing message '{"echo":"Hello!"}' to test.echo
publishing message '{"echo":"Hello!"}' to test.echo
publishing message '{"echo":"Hello!"}' to test.echo
publishing message '{"echo":"Hello!"}' to test.echo
